[debug] [2023-10-18T21:52:45.811Z] ----------------------------------------------------------------------
[debug] [2023-10-18T21:52:45.814Z] Command:       C:\Program Files\nodejs\node.exe C:\Users\ESDAdmin\AppData\Roaming\npm\node_modules\firebase-tools\lib\bin\firebase.js init
[debug] [2023-10-18T21:52:45.814Z] CLI Version:   12.7.0
[debug] [2023-10-18T21:52:45.815Z] Platform:      win32
[debug] [2023-10-18T21:52:45.815Z] Node Version:  v18.18.0
[debug] [2023-10-18T21:52:45.816Z] Time:          Wed Oct 18 2023 23:52:45 GMT+0200 (South Africa Standard Time)
[debug] [2023-10-18T21:52:45.816Z] ----------------------------------------------------------------------
[debug] 
[debug] [2023-10-18T21:52:45.828Z] > command requires scopes: ["email","openid","https://www.googleapis.com/auth/cloudplatformprojects.readonly","https://www.googleapis.com/auth/firebase","https://www.googleapis.com/auth/cloud-platform"]
[debug] [2023-10-18T21:52:45.828Z] > authorizing via signed-in user (shinelightlamp@gmail.com)
[info] 
     ######## #### ########  ######## ########     ###     ######  ########
     ##        ##  ##     ## ##       ##     ##  ##   ##  ##       ##
     ######    ##  ########  ######   ########  #########  ######  ######
     ##        ##  ##    ##  ##       ##     ## ##     ##       ## ##
     ##       #### ##     ## ######## ########  ##     ##  ######  ########

You're about to initialize a Firebase project in this directory:

  C:\Users\ESDAdmin\Desktop\rsgl

[info] 
=== Project Setup
[info] 
[info] First, let's associate this project directory with a Firebase project.
[info] You can create multiple project aliases by running firebase use --add, 
[info] but for now we'll just set up a default project.
[info] 
[info] i  If you want to create a project in a Google Cloud organization or folder, please use "firebase projects:create" instead, and return to this command when you've created the project. 
[debug] [2023-10-18T22:12:38.087Z] > refreshing access token with scopes: []
[debug] [2023-10-18T22:12:38.090Z] >>> [apiv2][query] POST https://www.googleapis.com/oauth2/v3/token [none]
[debug] [2023-10-18T22:12:38.090Z] >>> [apiv2][body] POST https://www.googleapis.com/oauth2/v3/token [omitted]
[debug] [2023-10-18T22:12:38.914Z] <<< [apiv2][status] POST https://www.googleapis.com/oauth2/v3/token 200
[debug] [2023-10-18T22:12:38.914Z] <<< [apiv2][body] POST https://www.googleapis.com/oauth2/v3/token [omitted]
[debug] [2023-10-18T22:12:38.977Z] >>> [apiv2][query] POST https://cloudresourcemanager.googleapis.com/v1/projects [none]
[debug] [2023-10-18T22:12:38.978Z] >>> [apiv2][body] POST https://cloudresourcemanager.googleapis.com/v1/projects {"projectId":"rightlamp","name":"rightlamp"}
[debug] [2023-10-18T22:12:53.994Z] *** [apiv2] error from fetch(https://cloudresourcemanager.googleapis.com/v1/projects, {"headers":{},"method":"POST","signal":{},"body":"{\"projectId\":\"rightlamp\",\"name\":\"rightlamp\"}"}): AbortError: The user aborted a request.
[debug] [2023-10-18T22:12:54.666Z] FirebaseError: Timeout reached making request to https://cloudresourcemanager.googleapis.com/v1/projects
    at RetryOperation._fn (C:\Users\ESDAdmin\AppData\Roaming\npm\node_modules\firebase-tools\lib\apiv2.js:235:35)
    at process.processTicksAndRejections (node:internal/process/task_queues:95:5)
[error] 
[error] Error: Failed to create project. See firebase-debug.log for more info.
[debug] [2023-10-18T22:13:13.085Z] ----------------------------------------------------------------------
[debug] [2023-10-18T22:13:13.087Z] Command:       C:\Program Files\nodejs\node.exe C:\Users\ESDAdmin\AppData\Roaming\npm\node_modules\firebase-tools\lib\bin\firebase.js init
[debug] [2023-10-18T22:13:13.087Z] CLI Version:   12.7.0
[debug] [2023-10-18T22:13:13.088Z] Platform:      win32
[debug] [2023-10-18T22:13:13.088Z] Node Version:  v18.18.0
[debug] [2023-10-18T22:13:13.089Z] Time:          Thu Oct 19 2023 00:13:13 GMT+0200 (South Africa Standard Time)
[debug] [2023-10-18T22:13:13.089Z] ----------------------------------------------------------------------
[debug] 
[debug] [2023-10-18T22:13:13.102Z] > command requires scopes: ["email","openid","https://www.googleapis.com/auth/cloudplatformprojects.readonly","https://www.googleapis.com/auth/firebase","https://www.googleapis.com/auth/cloud-platform"]
[debug] [2023-10-18T22:13:13.102Z] > authorizing via signed-in user (shinelightlamp@gmail.com)
[info] 
     ######## #### ########  ######## ########     ###     ######  ########
     ##        ##  ##     ## ##       ##     ##  ##   ##  ##       ##
     ######    ##  ########  ######   ########  #########  ######  ######
     ##        ##  ##    ##  ##       ##     ## ##     ##       ## ##
     ##       #### ##     ## ######## ########  ##     ##  ######  ########

You're about to initialize a Firebase project in this directory:

  C:\Users\ESDAdmin\Desktop\rsgl

[info] 
=== Project Setup
[info] 
[info] First, let's associate this project directory with a Firebase project.
[info] You can create multiple project aliases by running firebase use --add, 
[info] but for now we'll just set up a default project.
[info] 
[debug] [2023-10-18T22:13:27.169Z] >>> [apiv2][query] GET https://firebase.googleapis.com/v1beta1/projects pageSize=100
[debug] [2023-10-18T22:13:28.688Z] <<< [apiv2][status] GET https://firebase.googleapis.com/v1beta1/projects 200
[debug] [2023-10-18T22:13:28.689Z] <<< [apiv2][body] GET https://firebase.googleapis.com/v1beta1/projects [omitted]
[info] i  Using project rightlamp-20aaf (rightlamp) 
[info] 
=== Hosting Setup
[info] 
[info] Your public directory is the folder (relative to your project directory) that
[info] will contain Hosting assets to be uploaded with firebase deploy. If you
[info] have a build process for your assets, use your build's output directory.
[info] 
[debug] [2023-10-18T22:14:26.490Z] >>> [apiv2][query] GET https://www.gstatic.com/firebasejs/releases.json [none]
[debug] [2023-10-18T22:14:27.219Z] <<< [apiv2][status] GET https://www.gstatic.com/firebasejs/releases.json 200
[debug] [2023-10-18T22:14:27.219Z] <<< [apiv2][body] GET https://www.gstatic.com/firebasejs/releases.json {"current":{"version":"10.5.0","browserURL":"https://www.gstatic.com/firebasejs/10.5.0/firebase.js","packageURL":"https://www.gstatic.com/firebasejs/10.5.0/firebase.tgz"},"live":{"version":"10.5","browserURL":"https://www.gstatic.com/firebasejs/live/10.5/firebase.js","packageURL":"https://www.gstatic.com/firebasejs/live/10.5/firebase.tgz"},"components":{"analytics":"https://www.gstatic.com/firebasejs/10.5.0/firebase-analytics.js","app":"https://www.gstatic.com/firebasejs/10.5.0/firebase-app.js","app-check":"https://www.gstatic.com/firebasejs/10.5.0/firebase-app-check.js","auth":"https://www.gstatic.com/firebasejs/10.5.0/firebase-auth.js","auth/cordova":"https://www.gstatic.com/firebasejs/10.5.0/firebase-auth/cordova.js","functions":"https://www.gstatic.com/firebasejs/10.5.0/firebase-functions.js","firestore":"https://www.gstatic.com/firebasejs/10.5.0/firebase-firestore.js","firestore/lite":"https://www.gstatic.com/firebasejs/10.5.0/firebase-firestore/lite.js","installations":"https://www.gstatic.com/firebasejs/10.5.0/firebase-installations.js","storage":"https://www.gstatic.com/firebasejs/10.5.0/firebase-storage.js","performance":"https://www.gstatic.com/firebasejs/10.5.0/firebase-performance.js","remote-config":"https://www.gstatic.com/firebasejs/10.5.0/firebase-remote-config.js","messaging":"https://www.gstatic.com/firebasejs/10.5.0/firebase-messaging.js","messaging/sw":"https://www.gstatic.com/firebasejs/10.5.0/firebase-messaging/sw.js","database":"https://www.gstatic.com/firebasejs/10.5.0/firebase-database.js","firestore.memory":"https://www.gstatic.com/firebasejs/10.5.0/firebase-firestore.memory.js"}}
[info] +  Wrote public/index.html 
[info] 
[info] i  Didn't detect a .git folder. Assuming C:\Users\ESDAdmin\Desktop\rsgl is the project root. 
[info] i  Authorizing with GitHub to upload your service account to a GitHub repository's secrets store. 
[info] 
[info] Visit this URL on this device to log in:
[info] https://github.com/login/oauth/authorize?client_id=89cf50f02ac6aaed3484&state=304909506&redirect_uri=http%3A%2F%2Flocalhost%3A9005&scope=read%3Auser%20repo%20public_repo
[info] 
[info] Waiting for authentication...
[debug] [2023-10-18T22:14:45.338Z] >>> [apiv2][query] POST https://github.com/login/oauth/access_token [none]
[debug] [2023-10-18T22:14:45.338Z] >>> [apiv2][body] POST https://github.com/login/oauth/access_token [stream]
[debug] [2023-10-18T22:14:46.987Z] <<< [apiv2][status] POST https://github.com/login/oauth/access_token 200
[debug] [2023-10-18T22:14:46.987Z] <<< [apiv2][body] POST https://github.com/login/oauth/access_token {"access_token":"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","token_type":"bearer","scope":"read:user,repo"}
[debug] [2023-10-18T22:14:46.996Z] >>> [apiv2][query] GET https://api.github.com/user [none]
[debug] [2023-10-18T22:14:48.604Z] <<< [apiv2][status] GET https://api.github.com/user 200
[debug] [2023-10-18T22:14:48.604Z] <<< [apiv2][body] GET https://api.github.com/user {"login":"Dushimejulien","id":121720662,"node_id":"U_kgDOB0FPVg","avatar_url":"https://avatars.githubusercontent.com/u/121720662?v=4","gravatar_id":"","url":"https://api.github.com/users/Dushimejulien","html_url":"https://github.com/Dushimejulien","followers_url":"https://api.github.com/users/Dushimejulien/followers","following_url":"https://api.github.com/users/Dushimejulien/following{/other_user}","gists_url":"https://api.github.com/users/Dushimejulien/gists{/gist_id}","starred_url":"https://api.github.com/users/Dushimejulien/starred{/owner}{/repo}","subscriptions_url":"https://api.github.com/users/Dushimejulien/subscriptions","organizations_url":"https://api.github.com/users/Dushimejulien/orgs","repos_url":"https://api.github.com/users/Dushimejulien/repos","events_url":"https://api.github.com/users/Dushimejulien/events{/privacy}","received_events_url":"https://api.github.com/users/Dushimejulien/received_events","type":"User","site_admin":false,"name":null,"company":null,"blog":"","location":null,"email":null,"hireable":null,"bio":null,"twitter_username":null,"public_repos":0,"public_gists":0,"followers":0,"following":0,"created_at":"2022-12-31T12:59:58Z","updated_at":"2023-10-12T19:50:20Z","private_gists":0,"total_private_repos":3,"owned_private_repos":3,"disk_usage":3421,"collaborators":0,"two_factor_authentication":false,"plan":{"name":"free","space":976562499,"collaborators":0,"private_repos":10000}}
[info] 
[info] +  Success! Logged into GitHub as Dushimejulien 
[info] 
